<?xml version="1.0" encoding="UTF-8"?>
<!-- Generated by org.testng.reporters.JUnitReportReporter -->
<testsuite hostname="saira" failures="0" tests="3" name="testCases.CreateAccount" time="7.593" errors="0" timestamp="19 Mar 2024 20:11:09 GMT" skipped="0">
  <testcase classname="testCases.CreateAccount" name="createAccount" time="4.216"/>
  <testcase classname="testCases.CreateAccount" name="getAllAccounts" time="2.158"/>
  <testcase classname="testCases.CreateAccount" name="getAccountDetails" time="1.219"/>
</testsuite> <!-- testCases.CreateAccount -->
