<?xml version="1.0" encoding="UTF-8"?>
<!-- Generated by org.testng.reporters.JUnitReportReporter -->
<testsuite hostname="saira" failures="0" tests="1" name="testCases.Authentication" time="4.066" errors="0" timestamp="17 Mar 2024 20:54:17 GMT" skipped="0">
  <testcase classname="testCases.Authentication" name="generateBearerToken" time="4.066"/>
</testsuite> <!-- testCases.Authentication -->
