<?xml version="1.0" encoding="UTF-8"?>
<!-- Generated by org.testng.reporters.JUnitReportReporter -->
<testsuite hostname="saira" failures="0" tests="1" name="testCases.GetAccountDetails" time="3.343" errors="0" timestamp="18 Mar 2024 04:44:17 GMT" skipped="0">
  <testcase classname="testCases.GetAccountDetails" name="getAccountDetails" time="3.343"/>
</testsuite> <!-- testCases.GetAccountDetails -->
