<?xml version="1.0" encoding="UTF-8"?>
<!-- Generated by org.testng.reporters.JUnitReportReporter -->
<testsuite hostname="saira" failures="0" tests="1" name="testCases.GetAllAccounts" time="4.425" errors="0" timestamp="18 Mar 2024 00:09:03 GMT" skipped="0">
  <testcase classname="testCases.GetAllAccounts" name="getAllAccounts" time="4.425"/>
</testsuite> <!-- testCases.GetAllAccounts -->
